2023-11-25 17:04:12,869 ERROR org.springframework.boot.SpringApplication [main] Application run failed
java.lang.IllegalStateException: java.lang.IllegalStateException: Logback configuration error detected: 
ERROR in ch.qos.logback.classic.pattern.LoggerConverter@3e6f3f28 - failed to parse integer string [1.] java.lang.NumberFormatException: For input string: "1."
	at org.springframework.boot.context.logging.LoggingApplicationListener.initializeSystem(LoggingApplicationListener.java:347)
	at org.springframework.boot.context.logging.LoggingApplicationListener.initialize(LoggingApplicationListener.java:298)
	at org.springframework.boot.context.logging.LoggingApplicationListener.onApplicationEnvironmentPreparedEvent(LoggingApplicationListener.java:246)
	at org.springframework.boot.context.logging.LoggingApplicationListener.onApplicationEvent(LoggingApplicationListener.java:223)
	at org.springframework.context.event.SimpleApplicationEventMulticaster.doInvokeListener(SimpleApplicationEventMulticaster.java:174)
	at org.springframework.context.event.SimpleApplicationEventMulticaster.invokeListener(SimpleApplicationEventMulticaster.java:167)
	at org.springframework.context.event.SimpleApplicationEventMulticaster.multicastEvent(SimpleApplicationEventMulticaster.java:145)
	at org.springframework.context.event.SimpleApplicationEventMulticaster.multicastEvent(SimpleApplicationEventMulticaster.java:133)
	at org.springframework.boot.context.event.EventPublishingRunListener.multicastInitialEvent(EventPublishingRunListener.java:136)
	at org.springframework.boot.context.event.EventPublishingRunListener.environmentPrepared(EventPublishingRunListener.java:81)
	at org.springframework.boot.SpringApplicationRunListeners.lambda$environmentPrepared$2(SpringApplicationRunListeners.java:64)
	at java.base/java.lang.Iterable.forEach(Iterable.java:75)
	at org.springframework.boot.SpringApplicationRunListeners.doWithListeners(SpringApplicationRunListeners.java:118)
	at org.springframework.boot.SpringApplicationRunListeners.doWithListeners(SpringApplicationRunListeners.java:112)
	at org.springframework.boot.SpringApplicationRunListeners.environmentPrepared(SpringApplicationRunListeners.java:63)
	at org.springframework.boot.SpringApplication.prepareEnvironment(SpringApplication.java:360)
	at org.springframework.boot.SpringApplication.run(SpringApplication.java:311)
	at org.springframework.boot.SpringApplication.run(SpringApplication.java:1306)
	at org.springframework.boot.SpringApplication.run(SpringApplication.java:1295)
	at com.weather.WeatherPlus.WeatherPlusApplication.main(WeatherPlusApplication.java:10)
Caused by: java.lang.IllegalStateException: Logback configuration error detected: 
ERROR in ch.qos.logback.classic.pattern.LoggerConverter@3e6f3f28 - failed to parse integer string [1.] java.lang.NumberFormatException: For input string: "1."
	at org.springframework.boot.logging.logback.LogbackLoggingSystem.reportConfigurationErrorsIfNecessary(LogbackLoggingSystem.java:275)
	at org.springframework.boot.logging.logback.LogbackLoggingSystem.loadConfiguration(LogbackLoggingSystem.java:253)
	at org.springframework.boot.logging.logback.LogbackLoggingSystem.reinitialize(LogbackLoggingSystem.java:332)
	at org.springframework.boot.logging.AbstractLoggingSystem.initializeWithConventions(AbstractLoggingSystem.java:73)
	at org.springframework.boot.logging.AbstractLoggingSystem.initialize(AbstractLoggingSystem.java:60)
	at org.springframework.boot.logging.logback.LogbackLoggingSystem.initialize(LogbackLoggingSystem.java:189)
	at org.springframework.boot.context.logging.LoggingApplicationListener.initializeSystem(LoggingApplicationListener.java:332)
	... 19 common frames omitted
	Suppressed: java.lang.NumberFormatException: For input string: "1."
		at java.base/java.lang.NumberFormatException.forInputString(NumberFormatException.java:67)
		at java.base/java.lang.Integer.parseInt(Integer.java:661)
		at java.base/java.lang.Integer.parseInt(Integer.java:777)
		at ch.qos.logback.classic.pattern.NamedConverter.start(NamedConverter.java:92)
		at ch.qos.logback.core.pattern.ConverterUtil.startConverters(ConverterUtil.java:37)
		at ch.qos.logback.core.pattern.PatternLayoutBase.start(PatternLayoutBase.java:90)
		at ch.qos.logback.classic.encoder.PatternLayoutEncoder.start(PatternLayoutEncoder.java:28)
		at ch.qos.logback.core.model.processor.ImplicitModelHandler.postHandleComplex(ImplicitModelHandler.java:208)
		at ch.qos.logback.core.model.processor.ImplicitModelHandler.postHandle(ImplicitModelHandler.java:186)
		at ch.qos.logback.core.model.processor.DefaultProcessor.secondPhaseTraverse(DefaultProcessor.java:257)
		at ch.qos.logback.core.model.processor.DefaultProcessor.secondPhaseTraverse(DefaultProcessor.java:253)
		at ch.qos.logback.core.model.processor.DefaultProcessor.secondPhaseTraverse(DefaultProcessor.java:253)
		at ch.qos.logback.core.model.processor.DefaultProcessor.traversalLoop(DefaultProcessor.java:90)
		at ch.qos.logback.core.model.processor.DefaultProcessor.process(DefaultProcessor.java:106)
		at ch.qos.logback.core.joran.GenericXMLConfigurator.processModel(GenericXMLConfigurator.java:208)
		at org.springframework.boot.logging.logback.SpringBootJoranConfigurator.processModel(SpringBootJoranConfigurator.java:122)
		at ch.qos.logback.core.joran.GenericXMLConfigurator.doConfigure(GenericXMLConfigurator.java:170)
		at ch.qos.logback.core.joran.GenericXMLConfigurator.doConfigure(GenericXMLConfigurator.java:122)
		at ch.qos.logback.core.joran.GenericXMLConfigurator.doConfigure(GenericXMLConfigurator.java:65)
		at org.springframework.boot.logging.logback.LogbackLoggingSystem.configureByResourceUrl(LogbackLoggingSystem.java:285)
		at org.springframework.boot.logging.logback.LogbackLoggingSystem.lambda$loadConfiguration$1(LogbackLoggingSystem.java:247)
		at org.springframework.boot.logging.logback.LogbackLoggingSystem.withLoggingSuppressed(LogbackLoggingSystem.java:460)
		at org.springframework.boot.logging.logback.LogbackLoggingSystem.loadConfiguration(LogbackLoggingSystem.java:242)
		... 24 common frames omitted
2023-11-25 17:06:32,647 ERROR org.springframework.boot.SpringApplication [main] Application run failed
java.lang.IllegalStateException: java.lang.IllegalStateException: Logback configuration error detected: 
ERROR in ch.qos.logback.classic.pattern.LoggerConverter@3e6f3f28 - failed to parse integer string [1.] java.lang.NumberFormatException: For input string: "1."
	at org.springframework.boot.context.logging.LoggingApplicationListener.initializeSystem(LoggingApplicationListener.java:347)
	at org.springframework.boot.context.logging.LoggingApplicationListener.initialize(LoggingApplicationListener.java:298)
	at org.springframework.boot.context.logging.LoggingApplicationListener.onApplicationEnvironmentPreparedEvent(LoggingApplicationListener.java:246)
	at org.springframework.boot.context.logging.LoggingApplicationListener.onApplicationEvent(LoggingApplicationListener.java:223)
	at org.springframework.context.event.SimpleApplicationEventMulticaster.doInvokeListener(SimpleApplicationEventMulticaster.java:174)
	at org.springframework.context.event.SimpleApplicationEventMulticaster.invokeListener(SimpleApplicationEventMulticaster.java:167)
	at org.springframework.context.event.SimpleApplicationEventMulticaster.multicastEvent(SimpleApplicationEventMulticaster.java:145)
	at org.springframework.context.event.SimpleApplicationEventMulticaster.multicastEvent(SimpleApplicationEventMulticaster.java:133)
	at org.springframework.boot.context.event.EventPublishingRunListener.multicastInitialEvent(EventPublishingRunListener.java:136)
	at org.springframework.boot.context.event.EventPublishingRunListener.environmentPrepared(EventPublishingRunListener.java:81)
	at org.springframework.boot.SpringApplicationRunListeners.lambda$environmentPrepared$2(SpringApplicationRunListeners.java:64)
	at java.base/java.lang.Iterable.forEach(Iterable.java:75)
	at org.springframework.boot.SpringApplicationRunListeners.doWithListeners(SpringApplicationRunListeners.java:118)
	at org.springframework.boot.SpringApplicationRunListeners.doWithListeners(SpringApplicationRunListeners.java:112)
	at org.springframework.boot.SpringApplicationRunListeners.environmentPrepared(SpringApplicationRunListeners.java:63)
	at org.springframework.boot.SpringApplication.prepareEnvironment(SpringApplication.java:360)
	at org.springframework.boot.SpringApplication.run(SpringApplication.java:311)
	at org.springframework.boot.SpringApplication.run(SpringApplication.java:1306)
	at org.springframework.boot.SpringApplication.run(SpringApplication.java:1295)
	at com.weather.WeatherPlus.WeatherPlusApplication.main(WeatherPlusApplication.java:10)
Caused by: java.lang.IllegalStateException: Logback configuration error detected: 
ERROR in ch.qos.logback.classic.pattern.LoggerConverter@3e6f3f28 - failed to parse integer string [1.] java.lang.NumberFormatException: For input string: "1."
	at org.springframework.boot.logging.logback.LogbackLoggingSystem.reportConfigurationErrorsIfNecessary(LogbackLoggingSystem.java:275)
	at org.springframework.boot.logging.logback.LogbackLoggingSystem.loadConfiguration(LogbackLoggingSystem.java:253)
	at org.springframework.boot.logging.logback.LogbackLoggingSystem.reinitialize(LogbackLoggingSystem.java:332)
	at org.springframework.boot.logging.AbstractLoggingSystem.initializeWithConventions(AbstractLoggingSystem.java:73)
	at org.springframework.boot.logging.AbstractLoggingSystem.initialize(AbstractLoggingSystem.java:60)
	at org.springframework.boot.logging.logback.LogbackLoggingSystem.initialize(LogbackLoggingSystem.java:189)
	at org.springframework.boot.context.logging.LoggingApplicationListener.initializeSystem(LoggingApplicationListener.java:332)
	... 19 common frames omitted
	Suppressed: java.lang.NumberFormatException: For input string: "1."
		at java.base/java.lang.NumberFormatException.forInputString(NumberFormatException.java:67)
		at java.base/java.lang.Integer.parseInt(Integer.java:661)
		at java.base/java.lang.Integer.parseInt(Integer.java:777)
		at ch.qos.logback.classic.pattern.NamedConverter.start(NamedConverter.java:92)
		at ch.qos.logback.core.pattern.ConverterUtil.startConverters(ConverterUtil.java:37)
		at ch.qos.logback.core.pattern.PatternLayoutBase.start(PatternLayoutBase.java:90)
		at ch.qos.logback.classic.encoder.PatternLayoutEncoder.start(PatternLayoutEncoder.java:28)
		at ch.qos.logback.core.model.processor.ImplicitModelHandler.postHandleComplex(ImplicitModelHandler.java:208)
		at ch.qos.logback.core.model.processor.ImplicitModelHandler.postHandle(ImplicitModelHandler.java:186)
		at ch.qos.logback.core.model.processor.DefaultProcessor.secondPhaseTraverse(DefaultProcessor.java:257)
		at ch.qos.logback.core.model.processor.DefaultProcessor.secondPhaseTraverse(DefaultProcessor.java:253)
		at ch.qos.logback.core.model.processor.DefaultProcessor.secondPhaseTraverse(DefaultProcessor.java:253)
		at ch.qos.logback.core.model.processor.DefaultProcessor.traversalLoop(DefaultProcessor.java:90)
		at ch.qos.logback.core.model.processor.DefaultProcessor.process(DefaultProcessor.java:106)
		at ch.qos.logback.core.joran.GenericXMLConfigurator.processModel(GenericXMLConfigurator.java:208)
		at org.springframework.boot.logging.logback.SpringBootJoranConfigurator.processModel(SpringBootJoranConfigurator.java:122)
		at ch.qos.logback.core.joran.GenericXMLConfigurator.doConfigure(GenericXMLConfigurator.java:170)
		at ch.qos.logback.core.joran.GenericXMLConfigurator.doConfigure(GenericXMLConfigurator.java:122)
		at ch.qos.logback.core.joran.GenericXMLConfigurator.doConfigure(GenericXMLConfigurator.java:65)
		at org.springframework.boot.logging.logback.LogbackLoggingSystem.configureByResourceUrl(LogbackLoggingSystem.java:285)
		at org.springframework.boot.logging.logback.LogbackLoggingSystem.lambda$loadConfiguration$1(LogbackLoggingSystem.java:247)
		at org.springframework.boot.logging.logback.LogbackLoggingSystem.withLoggingSuppressed(LogbackLoggingSystem.java:460)
		at org.springframework.boot.logging.logback.LogbackLoggingSystem.loadConfiguration(LogbackLoggingSystem.java:242)
		... 24 common frames omitted
2023-11-25 17:10:44,530 ERROR org.springframework.boot.SpringApplication [main] Application run failed
java.lang.IllegalStateException: java.lang.IllegalStateException: Logback configuration error detected: 
ERROR in ch.qos.logback.classic.pattern.LoggerConverter@3e6f3f28 - failed to parse integer string [1.] java.lang.NumberFormatException: For input string: "1."
	at org.springframework.boot.context.logging.LoggingApplicationListener.initializeSystem(LoggingApplicationListener.java:347)
	at org.springframework.boot.context.logging.LoggingApplicationListener.initialize(LoggingApplicationListener.java:298)
	at org.springframework.boot.context.logging.LoggingApplicationListener.onApplicationEnvironmentPreparedEvent(LoggingApplicationListener.java:246)
	at org.springframework.boot.context.logging.LoggingApplicationListener.onApplicationEvent(LoggingApplicationListener.java:223)
	at org.springframework.context.event.SimpleApplicationEventMulticaster.doInvokeListener(SimpleApplicationEventMulticaster.java:174)
	at org.springframework.context.event.SimpleApplicationEventMulticaster.invokeListener(SimpleApplicationEventMulticaster.java:167)
	at org.springframework.context.event.SimpleApplicationEventMulticaster.multicastEvent(SimpleApplicationEventMulticaster.java:145)
	at org.springframework.context.event.SimpleApplicationEventMulticaster.multicastEvent(SimpleApplicationEventMulticaster.java:133)
	at org.springframework.boot.context.event.EventPublishingRunListener.multicastInitialEvent(EventPublishingRunListener.java:136)
	at org.springframework.boot.context.event.EventPublishingRunListener.environmentPrepared(EventPublishingRunListener.java:81)
	at org.springframework.boot.SpringApplicationRunListeners.lambda$environmentPrepared$2(SpringApplicationRunListeners.java:64)
	at java.base/java.lang.Iterable.forEach(Iterable.java:75)
	at org.springframework.boot.SpringApplicationRunListeners.doWithListeners(SpringApplicationRunListeners.java:118)
	at org.springframework.boot.SpringApplicationRunListeners.doWithListeners(SpringApplicationRunListeners.java:112)
	at org.springframework.boot.SpringApplicationRunListeners.environmentPrepared(SpringApplicationRunListeners.java:63)
	at org.springframework.boot.SpringApplication.prepareEnvironment(SpringApplication.java:360)
	at org.springframework.boot.SpringApplication.run(SpringApplication.java:311)
	at org.springframework.boot.SpringApplication.run(SpringApplication.java:1306)
	at org.springframework.boot.SpringApplication.run(SpringApplication.java:1295)
	at com.weather.WeatherPlus.WeatherPlusApplication.main(WeatherPlusApplication.java:10)
Caused by: java.lang.IllegalStateException: Logback configuration error detected: 
ERROR in ch.qos.logback.classic.pattern.LoggerConverter@3e6f3f28 - failed to parse integer string [1.] java.lang.NumberFormatException: For input string: "1."
	at org.springframework.boot.logging.logback.LogbackLoggingSystem.reportConfigurationErrorsIfNecessary(LogbackLoggingSystem.java:275)
	at org.springframework.boot.logging.logback.LogbackLoggingSystem.loadConfiguration(LogbackLoggingSystem.java:253)
	at org.springframework.boot.logging.logback.LogbackLoggingSystem.reinitialize(LogbackLoggingSystem.java:332)
	at org.springframework.boot.logging.AbstractLoggingSystem.initializeWithConventions(AbstractLoggingSystem.java:73)
	at org.springframework.boot.logging.AbstractLoggingSystem.initialize(AbstractLoggingSystem.java:60)
	at org.springframework.boot.logging.logback.LogbackLoggingSystem.initialize(LogbackLoggingSystem.java:189)
	at org.springframework.boot.context.logging.LoggingApplicationListener.initializeSystem(LoggingApplicationListener.java:332)
	... 19 common frames omitted
	Suppressed: java.lang.NumberFormatException: For input string: "1."
		at java.base/java.lang.NumberFormatException.forInputString(NumberFormatException.java:67)
		at java.base/java.lang.Integer.parseInt(Integer.java:661)
		at java.base/java.lang.Integer.parseInt(Integer.java:777)
		at ch.qos.logback.classic.pattern.NamedConverter.start(NamedConverter.java:92)
		at ch.qos.logback.core.pattern.ConverterUtil.startConverters(ConverterUtil.java:37)
		at ch.qos.logback.core.pattern.PatternLayoutBase.start(PatternLayoutBase.java:90)
		at ch.qos.logback.classic.encoder.PatternLayoutEncoder.start(PatternLayoutEncoder.java:28)
		at ch.qos.logback.core.model.processor.ImplicitModelHandler.postHandleComplex(ImplicitModelHandler.java:208)
		at ch.qos.logback.core.model.processor.ImplicitModelHandler.postHandle(ImplicitModelHandler.java:186)
		at ch.qos.logback.core.model.processor.DefaultProcessor.secondPhaseTraverse(DefaultProcessor.java:257)
		at ch.qos.logback.core.model.processor.DefaultProcessor.secondPhaseTraverse(DefaultProcessor.java:253)
		at ch.qos.logback.core.model.processor.DefaultProcessor.secondPhaseTraverse(DefaultProcessor.java:253)
		at ch.qos.logback.core.model.processor.DefaultProcessor.traversalLoop(DefaultProcessor.java:90)
		at ch.qos.logback.core.model.processor.DefaultProcessor.process(DefaultProcessor.java:106)
		at ch.qos.logback.core.joran.GenericXMLConfigurator.processModel(GenericXMLConfigurator.java:208)
		at org.springframework.boot.logging.logback.SpringBootJoranConfigurator.processModel(SpringBootJoranConfigurator.java:122)
		at ch.qos.logback.core.joran.GenericXMLConfigurator.doConfigure(GenericXMLConfigurator.java:170)
		at ch.qos.logback.core.joran.GenericXMLConfigurator.doConfigure(GenericXMLConfigurator.java:122)
		at ch.qos.logback.core.joran.GenericXMLConfigurator.doConfigure(GenericXMLConfigurator.java:65)
		at org.springframework.boot.logging.logback.LogbackLoggingSystem.configureByResourceUrl(LogbackLoggingSystem.java:285)
		at org.springframework.boot.logging.logback.LogbackLoggingSystem.lambda$loadConfiguration$1(LogbackLoggingSystem.java:247)
		at org.springframework.boot.logging.logback.LogbackLoggingSystem.withLoggingSuppressed(LogbackLoggingSystem.java:460)
		at org.springframework.boot.logging.logback.LogbackLoggingSystem.loadConfiguration(LogbackLoggingSystem.java:242)
		... 24 common frames omitted
2023-11-25 17:12:57,408 INFO c.w.W.WeatherPlusApplication [main] Starting WeatherPlusApplication using Java 21.0.1 with PID 19742 (/home/saveliy/IdeaProjects/TG_BOTS/WeatherPlus/target/classes started by saveliy in /home/saveliy/IdeaProjects/TG_BOTS/WeatherPlus)
2023-11-25 17:12:57,409 INFO c.w.W.WeatherPlusApplication [main] No active profile set, falling back to 1 default profile: "default"
2023-11-25 17:12:58,542 INFO c.w.W.WeatherPlusApplication [main] Started WeatherPlusApplication in 1.36 seconds (process running for 1.708)
2023-11-25 17:12:59,083 INFO c.w.W.s.TelegramBot [WeatherPlusPlusBot Telegram Executor] Replied to user
2023-11-25 17:33:06,872 INFO c.w.W.WeatherPlusApplication [main] Starting WeatherPlusApplication using Java 21.0.1 with PID 21587 (/home/saveliy/IdeaProjects/TG_BOTS/WeatherPlus/target/classes started by saveliy in /home/saveliy/IdeaProjects/TG_BOTS/WeatherPlus)
2023-11-25 17:33:06,873 INFO c.w.W.WeatherPlusApplication [main] No active profile set, falling back to 1 default profile: "default"
2023-11-25 17:33:08,362 INFO c.w.W.WeatherPlusApplication [main] Started WeatherPlusApplication in 1.707 seconds (process running for 2.07)
2023-11-25 17:33:16,418 INFO c.w.W.WeatherPlusApplication [main] Starting WeatherPlusApplication using Java 21.0.1 with PID 21681 (/home/saveliy/IdeaProjects/TG_BOTS/WeatherPlus/target/classes started by saveliy in /home/saveliy/IdeaProjects/TG_BOTS/WeatherPlus)
2023-11-25 17:33:16,420 INFO c.w.W.WeatherPlusApplication [main] No active profile set, falling back to 1 default profile: "default"
2023-11-25 17:33:17,578 INFO c.w.W.WeatherPlusApplication [main] Started WeatherPlusApplication in 1.38 seconds (process running for 1.745)
2023-11-25 17:35:28,019 INFO c.w.W.WeatherPlusApplication [main] Starting WeatherPlusApplication using Java 21.0.1 with PID 22123 (/home/saveliy/IdeaProjects/TG_BOTS/WeatherPlus/target/classes started by saveliy in /home/saveliy/IdeaProjects/TG_BOTS/WeatherPlus)
2023-11-25 17:35:28,020 INFO c.w.W.WeatherPlusApplication [main] No active profile set, falling back to 1 default profile: "default"
2023-11-25 17:45:48,957 INFO o.s.t.c.s.AnnotationConfigContextLoaderUtils [main] Could not detect default configuration classes for test class [com.weather.WeatherPlus.WeatherPlusApplicationTests]: WeatherPlusApplicationTests does not declare any static, non-private, non-final, nested classes annotated with @Configuration.
2023-11-25 17:45:49,012 INFO o.s.b.t.c.SpringBootTestContextBootstrapper [main] Found @SpringBootConfiguration com.weather.WeatherPlus.WeatherPlusApplication for test class com.weather.WeatherPlus.WeatherPlusApplicationTests
2023-11-25 17:45:49,196 WARN o.s.b.t.j.DuplicateJsonObjectContextCustomizerFactory$DuplicateJsonObjectContextCustomizer [main] 

Found multiple occurrences of org.json.JSONObject on the class path:

	jar:file:/root/.m2/repository/org/json/json/20180813/json-20180813.jar!/org/json/JSONObject.class
	jar:file:/root/.m2/repository/com/vaadin/external/google/android-json/0.0.20131108.vaadin1/android-json-0.0.20131108.vaadin1.jar!/org/json/JSONObject.class

You may wish to exclude one of them to ensure predictable runtime behavior

2023-11-25 17:45:49,203 INFO c.w.W.WeatherPlusApplicationTests [main] Starting WeatherPlusApplicationTests using Java 17.0.8.1 with PID 22758 (started by root in /home/saveliy/IdeaProjects/TG_BOTS/WeatherPlus)
2023-11-25 17:45:49,204 INFO c.w.W.WeatherPlusApplicationTests [main] No active profile set, falling back to 1 default profile: "default"
2023-11-25 17:45:50,188 INFO c.w.W.WeatherPlusApplicationTests [main] Started WeatherPlusApplicationTests in 1.102 seconds (process running for 1.752)
2023-11-25 18:26:27,298 INFO c.w.W.WeatherPlusApplication [main] Starting WeatherPlusApplication using Java 21.0.1 with PID 23877 (/home/saveliy/IdeaProjects/TG_BOTS/WeatherPlus/target/classes started by saveliy in /home/saveliy/IdeaProjects/TG_BOTS/WeatherPlus)
2023-11-25 18:26:27,300 INFO c.w.W.WeatherPlusApplication [main] No active profile set, falling back to 1 default profile: "default"
2023-11-25 18:26:28,499 ERROR c.w.W.s.TelegramBot [main] Error setting bot's command list: Error sending commands: [400] Bad Request: BOT_COMMAND_INVALID
2023-11-25 18:26:28,692 INFO c.w.W.WeatherPlusApplication [main] Started WeatherPlusApplication in 1.633 seconds (process running for 2.013)
2023-11-25 18:28:26,186 INFO c.w.W.WeatherPlusApplication [main] Starting WeatherPlusApplication using Java 21.0.1 with PID 24025 (/home/saveliy/IdeaProjects/TG_BOTS/WeatherPlus/target/classes started by saveliy in /home/saveliy/IdeaProjects/TG_BOTS/WeatherPlus)
2023-11-25 18:28:26,187 INFO c.w.W.WeatherPlusApplication [main] No active profile set, falling back to 1 default profile: "default"
2023-11-25 18:28:27,239 ERROR c.w.W.s.TelegramBot [main] Error setting bot's command list: Error sending commands: [400] Bad Request: BOT_COMMAND_INVALID
2023-11-25 18:28:27,624 INFO c.w.W.WeatherPlusApplication [main] Started WeatherPlusApplication in 1.631 seconds (process running for 1.994)
2023-11-25 18:28:52,248 INFO c.w.W.WeatherPlusApplication [main] Starting WeatherPlusApplication using Java 21.0.1 with PID 24208 (/home/saveliy/IdeaProjects/TG_BOTS/WeatherPlus/target/classes started by saveliy in /home/saveliy/IdeaProjects/TG_BOTS/WeatherPlus)
2023-11-25 18:28:52,249 INFO c.w.W.WeatherPlusApplication [main] No active profile set, falling back to 1 default profile: "default"
2023-11-25 18:28:53,285 ERROR c.w.W.s.TelegramBot [main] Error setting bot's command list: Error sending commands: [400] Bad Request: BOT_COMMAND_INVALID
2023-11-25 18:28:53,461 INFO c.w.W.WeatherPlusApplication [main] Started WeatherPlusApplication in 1.446 seconds (process running for 1.808)
2023-11-25 18:29:51,237 INFO c.w.W.WeatherPlusApplication [main] Starting WeatherPlusApplication using Java 21.0.1 with PID 24335 (/home/saveliy/IdeaProjects/TG_BOTS/WeatherPlus/target/classes started by saveliy in /home/saveliy/IdeaProjects/TG_BOTS/WeatherPlus)
2023-11-25 18:29:51,238 INFO c.w.W.WeatherPlusApplication [main] No active profile set, falling back to 1 default profile: "default"
2023-11-25 18:29:52,393 INFO c.w.W.WeatherPlusApplication [main] Started WeatherPlusApplication in 1.38 seconds (process running for 1.723)
2023-11-25 18:30:47,962 INFO c.w.W.WeatherPlusApplication [main] Starting WeatherPlusApplication using Java 21.0.1 with PID 24512 (/home/saveliy/IdeaProjects/TG_BOTS/WeatherPlus/target/classes started by saveliy in /home/saveliy/IdeaProjects/TG_BOTS/WeatherPlus)
2023-11-25 18:30:47,964 INFO c.w.W.WeatherPlusApplication [main] No active profile set, falling back to 1 default profile: "default"
2023-11-25 18:30:49,156 ERROR c.w.W.s.TelegramBot [main] Error setting bot's command list: Error sending commands: [400] Bad Request: BOT_COMMAND_INVALID
2023-11-25 18:30:49,428 INFO c.w.W.WeatherPlusApplication [main] Started WeatherPlusApplication in 1.696 seconds (process running for 2.077)
2023-11-25 18:31:20,259 INFO c.w.W.WeatherPlusApplication [main] Starting WeatherPlusApplication using Java 21.0.1 with PID 24615 (/home/saveliy/IdeaProjects/TG_BOTS/WeatherPlus/target/classes started by saveliy in /home/saveliy/IdeaProjects/TG_BOTS/WeatherPlus)
2023-11-25 18:31:20,260 INFO c.w.W.WeatherPlusApplication [main] No active profile set, falling back to 1 default profile: "default"
2023-11-25 18:31:21,794 INFO c.w.W.WeatherPlusApplication [main] Started WeatherPlusApplication in 1.749 seconds (process running for 2.096)
2023-11-25 18:31:42,277 INFO c.w.W.WeatherPlusApplication [main] Starting WeatherPlusApplication using Java 21.0.1 with PID 24711 (/home/saveliy/IdeaProjects/TG_BOTS/WeatherPlus/target/classes started by saveliy in /home/saveliy/IdeaProjects/TG_BOTS/WeatherPlus)
2023-11-25 18:31:42,279 INFO c.w.W.WeatherPlusApplication [main] No active profile set, falling back to 1 default profile: "default"
2023-11-25 18:31:43,705 INFO c.w.W.WeatherPlusApplication [main] Started WeatherPlusApplication in 1.643 seconds (process running for 2.02)
2023-11-25 18:32:16,095 INFO c.w.W.WeatherPlusApplication [main] Starting WeatherPlusApplication using Java 21.0.1 with PID 24805 (/home/saveliy/IdeaProjects/TG_BOTS/WeatherPlus/target/classes started by saveliy in /home/saveliy/IdeaProjects/TG_BOTS/WeatherPlus)
2023-11-25 18:32:16,096 INFO c.w.W.WeatherPlusApplication [main] No active profile set, falling back to 1 default profile: "default"
2023-11-25 18:32:17,405 INFO c.w.W.WeatherPlusApplication [main] Started WeatherPlusApplication in 1.541 seconds (process running for 1.92)
2023-11-25 18:48:27,370 INFO c.w.W.WeatherPlusApplication [main] Starting WeatherPlusApplication using Java 21.0.1 with PID 25349 (/home/saveliy/IdeaProjects/TG_BOTS/WeatherPlus/target/classes started by saveliy in /home/saveliy/IdeaProjects/TG_BOTS/WeatherPlus)
2023-11-25 18:48:27,371 INFO c.w.W.WeatherPlusApplication [main] No active profile set, falling back to 1 default profile: "default"
2023-11-25 18:48:28,707 INFO c.w.W.WeatherPlusApplication [main] Started WeatherPlusApplication in 1.556 seconds (process running for 1.915)
2023-11-25 19:00:23,254 INFO c.w.W.WeatherPlusApplication [main] Starting WeatherPlusApplication using Java 21.0.1 with PID 25998 (/home/saveliy/IdeaProjects/TG_BOTS/WeatherPlus/target/classes started by saveliy in /home/saveliy/IdeaProjects/TG_BOTS/WeatherPlus)
2023-11-25 19:00:23,255 INFO c.w.W.WeatherPlusApplication [main] No active profile set, falling back to 1 default profile: "default"
2023-11-25 19:00:24,734 INFO c.w.W.WeatherPlusApplication [main] Started WeatherPlusApplication in 1.695 seconds (process running for 2.05)
2023-11-25 19:01:15,074 INFO c.w.W.WeatherPlusApplication [main] Starting WeatherPlusApplication using Java 21.0.1 with PID 26106 (/home/saveliy/IdeaProjects/TG_BOTS/WeatherPlus/target/classes started by saveliy in /home/saveliy/IdeaProjects/TG_BOTS/WeatherPlus)
2023-11-25 19:01:15,076 INFO c.w.W.WeatherPlusApplication [main] No active profile set, falling back to 1 default profile: "default"
2023-11-25 19:01:16,295 INFO c.w.W.WeatherPlusApplication [main] Started WeatherPlusApplication in 1.432 seconds (process running for 1.786)
2023-11-25 19:05:13,504 INFO c.w.W.WeatherPlusApplication [main] Starting WeatherPlusApplication using Java 21.0.1 with PID 26353 (/home/saveliy/IdeaProjects/TG_BOTS/WeatherPlus/target/classes started by saveliy in /home/saveliy/IdeaProjects/TG_BOTS/WeatherPlus)
2023-11-25 19:05:13,505 INFO c.w.W.WeatherPlusApplication [main] No active profile set, falling back to 1 default profile: "default"
2023-11-25 19:05:14,989 INFO c.w.W.WeatherPlusApplication [main] Started WeatherPlusApplication in 1.709 seconds (process running for 2.071)
2023-11-25 19:09:30,424 INFO c.w.W.WeatherPlusApplication [main] Starting WeatherPlusApplication using Java 21.0.1 with PID 26500 (/home/saveliy/IdeaProjects/TG_BOTS/WeatherPlus/target/classes started by saveliy in /home/saveliy/IdeaProjects/TG_BOTS/WeatherPlus)
2023-11-25 19:09:30,425 INFO c.w.W.WeatherPlusApplication [main] No active profile set, falling back to 1 default profile: "default"
2023-11-25 19:09:31,910 INFO c.w.W.WeatherPlusApplication [main] Started WeatherPlusApplication in 1.713 seconds (process running for 2.082)
2023-11-25 19:44:54,720 INFO c.w.W.WeatherPlusApplication [main] Starting WeatherPlusApplication using Java 21.0.1 with PID 27656 (/home/saveliy/IdeaProjects/TG_BOTS/WeatherPlus/target/classes started by saveliy in /home/saveliy/IdeaProjects/TG_BOTS/WeatherPlus)
2023-11-25 19:44:54,721 INFO c.w.W.WeatherPlusApplication [main] No active profile set, falling back to 1 default profile: "default"
2023-11-25 19:44:56,013 INFO c.w.W.WeatherPlusApplication [main] Started WeatherPlusApplication in 1.506 seconds (process running for 1.878)
2023-11-25 19:45:58,329 INFO c.w.W.WeatherPlusApplication [main] Starting WeatherPlusApplication using Java 21.0.1 with PID 27751 (/home/saveliy/IdeaProjects/TG_BOTS/WeatherPlus/target/classes started by saveliy in /home/saveliy/IdeaProjects/TG_BOTS/WeatherPlus)
2023-11-25 19:45:58,330 INFO c.w.W.WeatherPlusApplication [main] No active profile set, falling back to 1 default profile: "default"
2023-11-25 19:45:59,499 INFO c.w.W.WeatherPlusApplication [main] Started WeatherPlusApplication in 1.367 seconds (process running for 1.75)
2023-11-25 19:49:14,043 INFO c.w.W.WeatherPlusApplication [main] Starting WeatherPlusApplication using Java 21.0.1 with PID 28076 (/home/saveliy/IdeaProjects/WeatherPlus/target/classes started by saveliy in /home/saveliy/IdeaProjects/WeatherPlus)
2023-11-25 19:49:14,044 INFO c.w.W.WeatherPlusApplication [main] No active profile set, falling back to 1 default profile: "default"
2023-11-25 19:49:15,496 INFO c.w.W.WeatherPlusApplication [main] Started WeatherPlusApplication in 1.666 seconds (process running for 2.047)
